<?xml version="1.0" encoding="UTF-8"?>
<!-- Generated by org.testng.reporters.JUnitReportReporter -->
<testsuite hostname="LAPTOP-3U3SCVT2" failures="0" tests="1" name="com.rediff.testng.Redifftest" time="6.606" errors="0" timestamp="2022-10-20T00:56:58 IST" skipped="0">
  <testcase classname="com.rediff.testng.Redifftest" name="registration" time="6.606"/>
  <system-out/>
</testsuite> <!-- com.rediff.testng.Redifftest -->
