<?xml version="1.0" encoding="UTF-8"?>
<!-- Generated by org.testng.reporters.JUnitReportReporter -->
<testsuite hostname="LAPTOP-3U3SCVT2" failures="0" tests="1" name="com.project1.scripts.LoginTest" time="7.194" errors="0" timestamp="2022-12-22T01:29:56 IST" skipped="0">
  <testcase classname="com.project1.scripts.LoginTest" name="VerifyLogin" time="7.194"/>
  <system-out/>
</testsuite> <!-- com.project1.scripts.LoginTest -->
