<?xml version="1.0" encoding="UTF-8"?>
<!-- Generated by org.testng.reporters.JUnitReportReporter -->
<testsuite hostname="Arjuns-MBP.bbrouter" failures="0" tests="1" name="com.groupfive.scripts.Logout_Test" time="3.354" errors="0" timestamp="2022-12-09T12:34:16 IST" skipped="0">
  <testcase classname="com.groupfive.scripts.Logout_Test" name="Logout" time="3.354"/>
  <system-out/>
</testsuite> <!-- com.groupfive.scripts.Logout_Test -->
