<?xml version="1.0" encoding="UTF-8"?>
<!-- Generated by org.testng.reporters.JUnitReportReporter -->
<testsuite hostname="Arjuns-MBP.bbrouter" failures="0" tests="1" name="com.groupfive.scripts.ContactUs_Test" time="9.868" errors="0" timestamp="2022-12-10T15:05:12 IST" skipped="0">
  <testcase classname="com.groupfive.scripts.ContactUs_Test" name="verifyContactUs" time="9.868"/>
  <system-out/>
</testsuite> <!-- com.groupfive.scripts.ContactUs_Test -->
